Compiling the C compiler identification source file "CMakeCCompilerId.c" failed.
Compiler: /Users/zowee-laisc/lynn/sdk/android-sdk-macosx/ndk-bundle/toolchains/arm-linux-androideabi-4.9/prebuilt/darwin-x86_64/bin/arm-linux-androideabi-gcc 
Build flags: -isystem;/Users/zowee-laisc/lynn/sdk/android-sdk-macosx/ndk-bundle/sysroot/usr/include/arm-linux-androideabi;-D__ANDROID_API__=21;-g;-DANDROID;-ffunction-sections;-funwind-tables;-fstack-protector-strong;-no-canonical-prefixes;-march=armv7-a;-mfloat-abi=softfp;-mfpu=vfpv3-d16;-mthumb;-Wa,--noexecstack;-Wformat;-Werror=format-security;
Id flags: 

The output was:
1
/Users/zowee-laisc/lynn/sdk/android-sdk-macosx/ndk-bundle/toolchains/arm-linux-androideabi-4.9/prebuilt/darwin-x86_64/bin/../lib/gcc/arm-linux-androideabi/4.9.x/../../../../arm-linux-androideabi/bin/ld: error: cannot open crtbegin_dynamic.o: No such file or directory
/Users/zowee-laisc/lynn/sdk/android-sdk-macosx/ndk-bundle/toolchains/arm-linux-androideabi-4.9/prebuilt/darwin-x86_64/bin/../lib/gcc/arm-linux-androideabi/4.9.x/../../../../arm-linux-androideabi/bin/ld: error: cannot open crtend_android.o: No such file or directory
/Users/zowee-laisc/lynn/sdk/android-sdk-macosx/ndk-bundle/toolchains/arm-linux-androideabi-4.9/prebuilt/darwin-x86_64/bin/../lib/gcc/arm-linux-androideabi/4.9.x/../../../../arm-linux-androideabi/bin/ld: error: cannot find -lc
/Users/zowee-laisc/lynn/sdk/android-sdk-macosx/ndk-bundle/toolchains/arm-linux-androideabi-4.9/prebuilt/darwin-x86_64/bin/../lib/gcc/arm-linux-androideabi/4.9.x/../../../../arm-linux-androideabi/bin/ld: error: cannot find -ldl
/Volumes/Android/buildbot/src/android/gcc/toolchain/build/../gcc/gcc-4.9/libgcc/unwind-arm-common.inc:289: error: undefined reference to 'abort'
/Volumes/Android/buildbot/src/android/gcc/toolchain/build/../gcc/gcc-4.9/libgcc/unwind-arm-common.inc:346: error: undefined reference to 'memcpy'
/Volumes/Android/buildbot/src/android/gcc/toolchain/build/../gcc/gcc-4.9/libgcc/unwind-arm-common.inc:376: error: undefined reference to 'memcpy'
/Volumes/Android/buildbot/src/android/gcc/toolchain/build/../gcc/gcc-4.9/libgcc/unwind-arm-common.inc:505: error: undefined reference to 'abort'
/Volumes/Android/buildbot/src/android/gcc/toolchain/build/../gcc/gcc-4.9/libgcc/config/arm/pr-support.c:378: error: undefined reference to 'abort'
/Volumes/Android/buildbot/src/android/gcc/toolchain/build/../gcc/gcc-4.9/libgcc/config/arm/pr-support.c:384: error: undefined reference to 'abort'
collect2: error: ld returned 1 exit status


Compiling the CXX compiler identification source file "CMakeCXXCompilerId.cpp" failed.
Compiler: /Users/zowee-laisc/lynn/sdk/android-sdk-macosx/ndk-bundle/toolchains/arm-linux-androideabi-4.9/prebuilt/darwin-x86_64/bin/arm-linux-androideabi-g++ 
Build flags: -isystem;/Users/zowee-laisc/lynn/sdk/android-sdk-macosx/ndk-bundle/sysroot/usr/include/arm-linux-androideabi;-D__ANDROID_API__=21;-g;-DANDROID;-ffunction-sections;-funwind-tables;-fstack-protector-strong;-no-canonical-prefixes;-march=armv7-a;-mfloat-abi=softfp;-mfpu=vfpv3-d16;-mthumb;-Wa,--noexecstack;-Wformat;-Werror=format-security;;
Id flags: 

The output was:
1
/Users/zowee-laisc/lynn/sdk/android-sdk-macosx/ndk-bundle/toolchains/arm-linux-androideabi-4.9/prebuilt/darwin-x86_64/bin/../lib/gcc/arm-linux-androideabi/4.9.x/../../../../arm-linux-androideabi/bin/ld: error: cannot open crtbegin_dynamic.o: No such file or directory
/Users/zowee-laisc/lynn/sdk/android-sdk-macosx/ndk-bundle/toolchains/arm-linux-androideabi-4.9/prebuilt/darwin-x86_64/bin/../lib/gcc/arm-linux-androideabi/4.9.x/../../../../arm-linux-androideabi/bin/ld: error: cannot open crtend_android.o: No such file or directory
/Users/zowee-laisc/lynn/sdk/android-sdk-macosx/ndk-bundle/toolchains/arm-linux-androideabi-4.9/prebuilt/darwin-x86_64/bin/../lib/gcc/arm-linux-androideabi/4.9.x/../../../../arm-linux-androideabi/bin/ld: error: cannot find -lstdc++
/Users/zowee-laisc/lynn/sdk/android-sdk-macosx/ndk-bundle/toolchains/arm-linux-androideabi-4.9/prebuilt/darwin-x86_64/bin/../lib/gcc/arm-linux-androideabi/4.9.x/../../../../arm-linux-androideabi/bin/ld: error: cannot find -lm
/Users/zowee-laisc/lynn/sdk/android-sdk-macosx/ndk-bundle/toolchains/arm-linux-androideabi-4.9/prebuilt/darwin-x86_64/bin/../lib/gcc/arm-linux-androideabi/4.9.x/../../../../arm-linux-androideabi/bin/ld: error: cannot find -lc
/Users/zowee-laisc/lynn/sdk/android-sdk-macosx/ndk-bundle/toolchains/arm-linux-androideabi-4.9/prebuilt/darwin-x86_64/bin/../lib/gcc/arm-linux-androideabi/4.9.x/../../../../arm-linux-androideabi/bin/ld: error: cannot find -ldl
/Volumes/Android/buildbot/src/android/gcc/toolchain/build/../gcc/gcc-4.9/libgcc/unwind-arm-common.inc:289: error: undefined reference to 'abort'
/Volumes/Android/buildbot/src/android/gcc/toolchain/build/../gcc/gcc-4.9/libgcc/unwind-arm-common.inc:346: error: undefined reference to 'memcpy'
/Volumes/Android/buildbot/src/android/gcc/toolchain/build/../gcc/gcc-4.9/libgcc/unwind-arm-common.inc:376: error: undefined reference to 'memcpy'
/Volumes/Android/buildbot/src/android/gcc/toolchain/build/../gcc/gcc-4.9/libgcc/unwind-arm-common.inc:505: error: undefined reference to 'abort'
/Volumes/Android/buildbot/src/android/gcc/toolchain/build/../gcc/gcc-4.9/libgcc/config/arm/pr-support.c:378: error: undefined reference to 'abort'
/Volumes/Android/buildbot/src/android/gcc/toolchain/build/../gcc/gcc-4.9/libgcc/config/arm/pr-support.c:384: error: undefined reference to 'abort'
collect2: error: ld returned 1 exit status


